<?xml version="1.0" encoding="UTF-8"?>

<beans xmlns="http://www.springframework.org/schema/beans"
		 xmlns:context="http://www.springframework.org/schema/context"
         xmlns:xsi="http://www.w3.org/2001/XMLSchema-instance"
         xmlns:aop="http://www.springframework.org/schema/aop"
         xmlns:tx="http://www.springframework.org/schema/tx"
         xsi:schemaLocation="http://www.springframework.org/schema/beans 
           http://www.springframework.org/schema/beans/spring-beans.xsd
           http://www.springframework.org/schema/context
           http://www.springframework.org/schema/context/spring-context.xsd
           http://www.springframework.org/schema/aop 
           http://www.springframework.org/schema/aop/spring-aop.xsd
           http://www.springframework.org/schema/tx 
           http://www.springframework.org/schema/tx/spring-tx.xsd">

    <!-- the parent application context definition for the springapp application -->
	<import resource="spring-context.xml"/>

	<!-- BEGIN H2 DB SETTINGS -->
	<!-- enable the configuration of transactional behavior based on annotations -->
	<tx:annotation-driven transaction-manager="h2TransactionManager" />
    
	<bean id="h2JdbcTemplate" class="org.springframework.jdbc.core.JdbcTemplate" lazy-init="true">
		<constructor-arg><ref bean="h2DataSource"/></constructor-arg>
	</bean>
	
	<bean id="h2TransactionalExecutor" class="com.jporm.transactional.H2TransactionalExecutor" lazy-init="true">
	</bean>
	<!-- END H2 DB SETTINGS -->
	
</beans>